#
# There is insufficient memory for the Java Runtime Environment to continue.
# Cannot create GC thread. Out of system resources.
# Possible reasons:
#   The system is out of physical RAM or swap space
#   In 32 bit mode, the process size limit was hit
# Possible solutions:
#   Reduce memory load on the system
#   Increase physical memory or swap space
#   Check if swap backing store is full
#   Use 64 bit Java on a 64 bit OS
#   Decrease Java heap size (-Xmx/-Xms)
#   Decrease number of Java threads
#   Decrease Java thread stack sizes (-Xss)
#   Set larger code cache with -XX:ReservedCodeCacheSize=
# This output file may be truncated or incomplete.
#
#  Out of Memory Error (gcTaskThread.cpp:46), pid=8453, tid=139847482283776
#
# JRE version: 7.0-b147
# Java VM: Java HotSpot(TM) 64-Bit Server VM (21.0-b17 mixed mode linux-amd64 compressed oops)
# Failed to write core dump. Core dumps have been disabled. To enable core dumping, try "ulimit -c unlimited" before starting Java again
#

---------------  T H R E A D  ---------------

Current thread (0x00007f30c0006800):  JavaThread "Unknown thread" [_thread_in_vm, id=8501, stack(0x00007f30c7711000,0x00007f30c7812000)]

Stack: [0x00007f30c7711000,0x00007f30c7812000],  sp=0x00007f30c78105f0,  free space=1021k
Native frames: (J=compiled Java code, j=interpreted, Vv=VM code, C=native code)
V  [libjvm.so+0x84b50a]  VMError::report_and_die()+0x2ea
V  [libjvm.so+0x3e8309]  report_vm_out_of_memory(char const*, int, unsigned long, char const*)+0x69
V  [libjvm.so+0x483f0a]  GCTaskThread::GCTaskThread(GCTaskManager*, unsigned int, unsigned int)+0xfa
V  [libjvm.so+0x48289e]  GCTaskManager::initialize()+0x1be
V  [libjvm.so+0x710f1f]  ParallelScavengeHeap::initialize()+0x6cf
V  [libjvm.so+0x824098]  Universe::initialize_heap()+0xb8
V  [libjvm.so+0x82657d]  universe_init()+0x7d
V  [libjvm.so+0x4cf0dd]  init_globals()+0x5d
V  [libjvm.so+0x80f462]  Threads::create_vm(JavaVMInitArgs*, bool*)+0x1e2
V  [libjvm.so+0x51fac4]  JNI_CreateJavaVM+0x74
C  [libjli.so+0x31b7]  JavaMain+0x97


---------------  P R O C E S S  ---------------

Java Threads: ( => current thread )

Other Threads:

=>0x00007f30c0006800 (exited) JavaThread "Unknown thread" [_thread_in_vm, id=8501, stack(0x00007f30c7711000,0x00007f30c7812000)]

VM state:not at safepoint (not fully initialized)

VM Mutex/Monitor currently owned by a thread: None

Dynamic libraries:
00400000-00401000 r-xp 00000000 fd:02 51385263                           /home/david/local/jdk/sun-jdk-1.7.0_00-x86_64/bin/java
00600000-00601000 rw-p 00000000 fd:02 51385263                           /home/david/local/jdk/sun-jdk-1.7.0_00-x86_64/bin/java
00a64000-00a85000 rw-p 00000000 00:00 0                                  [heap]
b8000000-b94c0000 rw-p 00000000 00:00 0 
b94c0000-c0000000 rw-p 00000000 00:00 0 
c0000000-c5360000 rw-p 00000000 00:00 0 
c5360000-eaab0000 rw-p 00000000 00:00 0 
eaab0000-ed460000 rw-p 00000000 00:00 0 
ed460000-100000000 rw-p 00000000 00:00 0 
3cc4a00000-3cc4a1f000 r-xp 00000000 fd:00 63125                          /lib64/ld-2.14.so
3cc4c1e000-3cc4c1f000 r--p 0001e000 fd:00 63125                          /lib64/ld-2.14.so
3cc4c1f000-3cc4c20000 rw-p 0001f000 fd:00 63125                          /lib64/ld-2.14.so
3cc4c20000-3cc4c21000 rw-p 00000000 00:00 0 
3cc4e00000-3cc4f8f000 r-xp 00000000 fd:00 63274                          /lib64/libc-2.14.so
3cc4f8f000-3cc518f000 ---p 0018f000 fd:00 63274                          /lib64/libc-2.14.so
3cc518f000-3cc5193000 r--p 0018f000 fd:00 63274                          /lib64/libc-2.14.so
3cc5193000-3cc5194000 rw-p 00193000 fd:00 63274                          /lib64/libc-2.14.so
3cc5194000-3cc519a000 rw-p 00000000 00:00 0 
3cc5200000-3cc5202000 r-xp 00000000 fd:00 28728                          /lib64/libdl-2.14.so
3cc5202000-3cc5402000 ---p 00002000 fd:00 28728                          /lib64/libdl-2.14.so
3cc5402000-3cc5403000 r--p 00002000 fd:00 28728                          /lib64/libdl-2.14.so
3cc5403000-3cc5404000 rw-p 00003000 fd:00 28728                          /lib64/libdl-2.14.so
3cc5600000-3cc5683000 r-xp 00000000 fd:00 63360                          /lib64/libm-2.14.so
3cc5683000-3cc5882000 ---p 00083000 fd:00 63360                          /lib64/libm-2.14.so
3cc5882000-3cc5883000 r--p 00082000 fd:00 63360                          /lib64/libm-2.14.so
3cc5883000-3cc5884000 rw-p 00083000 fd:00 63360                          /lib64/libm-2.14.so
3cc5a00000-3cc5a16000 r-xp 00000000 fd:00 63532                          /lib64/libpthread-2.14.so
3cc5a16000-3cc5c15000 ---p 00016000 fd:00 63532                          /lib64/libpthread-2.14.so
3cc5c15000-3cc5c16000 r--p 00015000 fd:00 63532                          /lib64/libpthread-2.14.so
3cc5c16000-3cc5c17000 rw-p 00016000 fd:00 63532                          /lib64/libpthread-2.14.so
3cc5c17000-3cc5c1b000 rw-p 00000000 00:00 0 
3cc6200000-3cc6207000 r-xp 00000000 fd:00 65802                          /lib64/librt-2.14.so
3cc6207000-3cc6406000 ---p 00007000 fd:00 65802                          /lib64/librt-2.14.so
3cc6406000-3cc6407000 r--p 00006000 fd:00 65802                          /lib64/librt-2.14.so
3cc6407000-3cc6408000 rw-p 00007000 fd:00 65802                          /lib64/librt-2.14.so
7f30bd000000-7f30bd270000 rwxp 00000000 00:00 0 
7f30bd270000-7f30c0021000 rw-p 00000000 00:00 0 
7f30c0021000-7f30c4000000 ---p 00000000 00:00 0 
7f30c68f5000-7f30c68f6000 ---p 00000000 00:00 0 
7f30c68f6000-7f30c6a01000 rw-p 00000000 00:00 0 
7f30c6a01000-7f30c6a36000 rw-p 00000000 00:00 0 
7f30c6a36000-7f30c6a60000 rw-p 00000000 00:00 0 
7f30c6a60000-7f30c6b8c000 rw-p 00000000 00:00 0 
7f30c6b8c000-7f30c6b97000 rw-p 00000000 00:00 0 
7f30c6b97000-7f30c6bcc000 rw-p 00000000 00:00 0 
7f30c6bcc000-7f30c6bf6000 rw-p 00000000 00:00 0 
7f30c6bf6000-7f30c6d21000 rw-p 00000000 00:00 0 
7f30c6d21000-7f30c6d37000 rw-p 00000000 00:00 0 
7f30c6d37000-7f30c6dcc000 rw-p 00000000 00:00 0 
7f30c6dcc000-7f30c6dd7000 rw-p 00000000 00:00 0 
7f30c6dd7000-7f30c6e8d000 rw-p 00000000 00:00 0 
7f30c6e8d000-7f30c6ea7000 r-xp 00000000 fd:02 52171790                   /home/david/local/jdk/sun-jdk-1.7.0_00-x86_64/jre/lib/amd64/libzip.so
7f30c6ea7000-7f30c70a7000 ---p 0001a000 fd:02 52171790                   /home/david/local/jdk/sun-jdk-1.7.0_00-x86_64/jre/lib/amd64/libzip.so
7f30c70a7000-7f30c70a8000 rw-p 0001a000 fd:02 52171790                   /home/david/local/jdk/sun-jdk-1.7.0_00-x86_64/jre/lib/amd64/libzip.so
7f30c70a8000-7f30c70b4000 r-xp 00000000 fd:00 66570                      /lib64/libnss_files-2.14.so
7f30c70b4000-7f30c72b3000 ---p 0000c000 fd:00 66570                      /lib64/libnss_files-2.14.so
7f30c72b3000-7f30c72b4000 r--p 0000b000 fd:00 66570                      /lib64/libnss_files-2.14.so
7f30c72b4000-7f30c72b5000 rw-p 0000c000 fd:00 66570                      /lib64/libnss_files-2.14.so
7f30c72d6000-7f30c72ff000 r-xp 00000000 fd:02 52171811                   /home/david/local/jdk/sun-jdk-1.7.0_00-x86_64/jre/lib/amd64/libjava.so
7f30c72ff000-7f30c74ff000 ---p 00029000 fd:02 52171811                   /home/david/local/jdk/sun-jdk-1.7.0_00-x86_64/jre/lib/amd64/libjava.so
7f30c74ff000-7f30c7501000 rw-p 00029000 fd:02 52171811                   /home/david/local/jdk/sun-jdk-1.7.0_00-x86_64/jre/lib/amd64/libjava.so
7f30c7501000-7f30c7510000 r-xp 00000000 fd:02 52171778                   /home/david/local/jdk/sun-jdk-1.7.0_00-x86_64/jre/lib/amd64/libverify.so
7f30c7510000-7f30c770f000 ---p 0000f000 fd:02 52171778                   /home/david/local/jdk/sun-jdk-1.7.0_00-x86_64/jre/lib/amd64/libverify.so
7f30c770f000-7f30c7711000 rw-p 0000e000 fd:02 52171778                   /home/david/local/jdk/sun-jdk-1.7.0_00-x86_64/jre/lib/amd64/libverify.so
7f30c7711000-7f30c7714000 ---p 00000000 00:00 0 
7f30c7714000-7f30c7812000 rw-p 00000000 00:00 0 
7f30c7812000-7f30c81e2000 r-xp 00000000 fd:02 52171814                   /home/david/local/jdk/sun-jdk-1.7.0_00-x86_64/jre/lib/amd64/server/libjvm.so
7f30c81e2000-7f30c83e2000 ---p 009d0000 fd:02 52171814                   /home/david/local/jdk/sun-jdk-1.7.0_00-x86_64/jre/lib/amd64/server/libjvm.so
7f30c83e2000-7f30c847d000 rw-p 009d0000 fd:02 52171814                   /home/david/local/jdk/sun-jdk-1.7.0_00-x86_64/jre/lib/amd64/server/libjvm.so
7f30c847d000-7f30c84b9000 rw-p 00000000 00:00 0 
7f30c84b9000-7f30c84cf000 r-xp 00000000 fd:02 52171803                   /home/david/local/jdk/sun-jdk-1.7.0_00-x86_64/jre/lib/amd64/jli/libjli.so
7f30c84cf000-7f30c86ce000 ---p 00016000 fd:02 52171803                   /home/david/local/jdk/sun-jdk-1.7.0_00-x86_64/jre/lib/amd64/jli/libjli.so
7f30c86ce000-7f30c86cf000 rw-p 00015000 fd:02 52171803                   /home/david/local/jdk/sun-jdk-1.7.0_00-x86_64/jre/lib/amd64/jli/libjli.so
7f30c86cf000-7f30c86d0000 rw-p 00000000 00:00 0 
7f30c86e7000-7f30c86ef000 rw-s 00000000 fd:00 398584                     /tmp/hsperfdata_david/8453
7f30c86ef000-7f30c86f0000 rw-p 00000000 00:00 0 
7f30c86f0000-7f30c86f1000 r--p 00000000 00:00 0 
7f30c86f1000-7f30c86f2000 rw-p 00000000 00:00 0 
7fff334c4000-7fff334e5000 rw-p 00000000 00:00 0                          [stack]
7fff335ff000-7fff33600000 r-xp 00000000 00:00 0                          [vdso]
ffffffffff600000-ffffffffff601000 r-xp 00000000 00:00 0                  [vsyscall]

VM Arguments:
jvm_args: -XX:MaxPermSize=128m -Xmx1024m -Dclassworlds.conf=/home/david/local/apache-maven/bin/m2.conf -Dmaven.home=/home/david/local/apache-maven 
java_command: org.codehaus.plexus.classworlds.launcher.Launcher deploy -DaltDeploymentRepository=jboss-snapshots-repository::default::https://repository.jboss.org/nexus/content/repositories/snapshots
Launcher Type: SUN_STANDARD

Environment Variables:
JAVA_HOME=/home/david/local/jdk/home-1.7
PATH=/home/david/local/jdk/home-1.7/bin:/home/david/bin:/home/david/local/bin:/home/david/local/perl5/bin:/usr/bin:/usr/sbin:/bin:/sbin:/usr/games/bin:/opt/bin:/usr/kerberos/bin:/usr/lib64/ccache:/usr/local/bin:/usr/X11R6/bin:/usr/local/sbin
USERNAME=david
SHELL=/bin/bash
DISPLAY=:0.0

Signal Handlers:
SIGSEGV: [libjvm.so+0x84be70], sa_mask[0]=0x7ffbfeff, sa_flags=0x10000004
SIGBUS: [libjvm.so+0x84be70], sa_mask[0]=0x7ffbfeff, sa_flags=0x10000004
SIGFPE: [libjvm.so+0x6f3820], sa_mask[0]=0x7ffbfeff, sa_flags=0x10000004
SIGPIPE: [libjvm.so+0x6f3820], sa_mask[0]=0x7ffbfeff, sa_flags=0x10000004
SIGXFSZ: [libjvm.so+0x6f3820], sa_mask[0]=0x7ffbfeff, sa_flags=0x10000004
SIGILL: [libjvm.so+0x6f3820], sa_mask[0]=0x7ffbfeff, sa_flags=0x10000004
SIGUSR1: SIG_DFL, sa_mask[0]=0x00000000, sa_flags=0x00000000
SIGUSR2: [libjvm.so+0x6f3190], sa_mask[0]=0x00000000, sa_flags=0x10000004
SIGHUP: SIG_DFL, sa_mask[0]=0x00000000, sa_flags=0x00000000
SIGINT: SIG_DFL, sa_mask[0]=0x00000000, sa_flags=0x00000000
SIGTERM: SIG_DFL, sa_mask[0]=0x00000000, sa_flags=0x00000000
SIGQUIT: SIG_DFL, sa_mask[0]=0x00000000, sa_flags=0x00000000


---------------  S Y S T E M  ---------------

OS:Fedora release 15 (Lovelock)

uname:Linux 2.6.40.6-0.fc15.x86_64 #1 SMP Tue Oct 4 00:39:50 UTC 2011 x86_64
libc:glibc 2.14 NPTL 2.14 
rlimit: STACK 8192k, CORE 0k, NPROC 1024, NOFILE 262144, AS infinity
load average:4.13 2.11 0.96

/proc/meminfo:
MemTotal:        8192216 kB
MemFree:          997024 kB
Buffers:          138620 kB
Cached:           295980 kB
SwapCached:            0 kB
Active:          6250164 kB
Inactive:         279208 kB
Active(anon):    6058964 kB
Inactive(anon):    88708 kB
Active(file):     191200 kB
Inactive(file):   190500 kB
Unevictable:         784 kB
Mlocked:             784 kB
SwapTotal:             0 kB
SwapFree:              0 kB
Dirty:               616 kB
Writeback:          1696 kB
AnonPages:       6091724 kB
Mapped:           141248 kB
Shmem:             52524 kB
Slab:             219388 kB
SReclaimable:     133680 kB
SUnreclaim:        85708 kB
KernelStack:       10152 kB
PageTables:        68856 kB
NFS_Unstable:          0 kB
Bounce:                0 kB
WritebackTmp:          0 kB
CommitLimit:     4096108 kB
Committed_AS:   10321400 kB
VmallocTotal:   34359738367 kB
VmallocUsed:      332208 kB
VmallocChunk:   34359365884 kB
HardwareCorrupted:     0 kB
AnonHugePages:   3823616 kB
HugePages_Total:       0
HugePages_Free:        0
HugePages_Rsvd:        0
HugePages_Surp:        0
Hugepagesize:       2048 kB
DirectMap4k:      577576 kB
DirectMap2M:     7809024 kB


CPU:total 4 (2 cores per cpu, 1 threads per core) family 6 model 15 stepping 11, cmov, cx8, fxsr, mmx, sse, sse2, sse3, ssse3

/proc/cpuinfo:
processor	: 0
vendor_id	: GenuineIntel
cpu family	: 6
model		: 15
model name	: Intel(R) Xeon(R) CPU            5120  @ 1.86GHz
stepping	: 11
cpu MHz		: 1866.669
cache size	: 4096 KB
physical id	: 0
siblings	: 2
core id		: 0
cpu cores	: 2
apicid		: 0
initial apicid	: 0
fpu		: yes
fpu_exception	: yes
cpuid level	: 10
wp		: yes
flags		: fpu vme de pse tsc msr pae mce cx8 apic sep mtrr pge mca cmov pat pse36 clflush dts acpi mmx fxsr sse sse2 ss ht tm pbe syscall nx lm constant_tsc arch_perfmon pebs bts rep_good nopl aperfmperf pni dtes64 monitor ds_cpl vmx est tm2 ssse3 cx16 xtpr pdcm dca lahf_lm dts tpr_shadow vnmi flexpriority
bogomips	: 3723.82
clflush size	: 64
cache_alignment	: 64
address sizes	: 38 bits physical, 48 bits virtual
power management:

processor	: 1
vendor_id	: GenuineIntel
cpu family	: 6
model		: 15
model name	: Intel(R) Xeon(R) CPU            5120  @ 1.86GHz
stepping	: 11
cpu MHz		: 1866.669
cache size	: 4096 KB
physical id	: 3
siblings	: 2
core id		: 0
cpu cores	: 2
apicid		: 6
initial apicid	: 6
fpu		: yes
fpu_exception	: yes
cpuid level	: 10
wp		: yes
flags		: fpu vme de pse tsc msr pae mce cx8 apic sep mtrr pge mca cmov pat pse36 clflush dts acpi mmx fxsr sse sse2 ss ht tm pbe syscall nx lm constant_tsc arch_perfmon pebs bts rep_good nopl aperfmperf pni dtes64 monitor ds_cpl vmx est tm2 ssse3 cx16 xtpr pdcm dca lahf_lm dts tpr_shadow vnmi flexpriority
bogomips	: 3723.87
clflush size	: 64
cache_alignment	: 64
address sizes	: 38 bits physical, 48 bits virtual
power management:

processor	: 2
vendor_id	: GenuineIntel
cpu family	: 6
model		: 15
model name	: Intel(R) Xeon(R) CPU            5120  @ 1.86GHz
stepping	: 11
cpu MHz		: 1866.669
cache size	: 4096 KB
physical id	: 0
siblings	: 2
core id		: 1
cpu cores	: 2
apicid		: 1
initial apicid	: 1
fpu		: yes
fpu_exception	: yes
cpuid level	: 10
wp		: yes
flags		: fpu vme de pse tsc msr pae mce cx8 apic sep mtrr pge mca cmov pat pse36 clflush dts acpi mmx fxsr sse sse2 ss ht tm pbe syscall nx lm constant_tsc arch_perfmon pebs bts rep_good nopl aperfmperf pni dtes64 monitor ds_cpl vmx est tm2 ssse3 cx16 xtpr pdcm dca lahf_lm dts tpr_shadow vnmi flexpriority
bogomips	: 3723.87
clflush size	: 64
cache_alignment	: 64
address sizes	: 38 bits physical, 48 bits virtual
power management:

processor	: 3
vendor_id	: GenuineIntel
cpu family	: 6
model		: 15
model name	: Intel(R) Xeon(R) CPU            5120  @ 1.86GHz
stepping	: 11
cpu MHz		: 1866.669
cache size	: 4096 KB
physical id	: 3
siblings	: 2
core id		: 1
cpu cores	: 2
apicid		: 7
initial apicid	: 7
fpu		: yes
fpu_exception	: yes
cpuid level	: 10
wp		: yes
flags		: fpu vme de pse tsc msr pae mce cx8 apic sep mtrr pge mca cmov pat pse36 clflush dts acpi mmx fxsr sse sse2 ss ht tm pbe syscall nx lm constant_tsc arch_perfmon pebs bts rep_good nopl aperfmperf pni dtes64 monitor ds_cpl vmx est tm2 ssse3 cx16 xtpr pdcm dca lahf_lm dts tpr_shadow vnmi flexpriority
bogomips	: 3723.86
clflush size	: 64
cache_alignment	: 64
address sizes	: 38 bits physical, 48 bits virtual
power management:



Memory: 4k page, physical 8192216k(997024k free), swap 0k(0k free)

vm_info: Java HotSpot(TM) 64-Bit Server VM (21.0-b17) for linux-amd64 JRE (1.7.0-b147), built on Jun 27 2011 01:30:59 by "java_re" with gcc 4.3.0 20080428 (Red Hat 4.3.0-8)

time: Fri Dec 23 10:07:17 2011
elapsed time: 0 seconds

